TN:
SF:src/account.js
FN:8,Account
FN:14,deposit
FN:20,withdraw
FNF:3
FNH:3
FNDA:7,Account
FNDA:3,deposit
FNDA:2,withdraw
DA:1,1
DA:2,1
DA:8,7
DA:9,7
DA:10,7
DA:11,7
DA:15,3
DA:16,3
DA:17,3
DA:21,2
DA:22,2
DA:23,2
LF:12
LH:12
BRDA:8,0,0,0
BRDA:8,0,1,7
BRDA:8,1,0,14
BRDA:8,1,1,0
BRDA:8,2,0,0
BRDA:8,2,1,7
BRF:6
BRH:3
end_of_record
TN:
SF:src/credit.js
FN:4,TransactionCredit
FN:10,getTransaction
FN:17,_formatDate
FNF:3
FNH:3
FNDA:5,TransactionCredit
FNDA:3,getTransaction
FNDA:3,_formatDate
DA:1,1
DA:4,5
DA:5,5
DA:6,5
DA:7,5
DA:11,3
DA:18,3
LF:7
LH:7
BRF:0
BRH:0
end_of_record
TN:
SF:src/debit.js
FN:4,TransactionDebit
FN:11,getTransaction
FN:20,_formatDate
FNF:3
FNH:3
FNDA:4,TransactionDebit
FNDA:2,getTransaction
FNDA:2,_formatDate
DA:1,1
DA:4,4
DA:5,4
DA:6,4
DA:7,4
DA:12,2
DA:21,2
LF:7
LH:7
BRF:0
BRH:0
end_of_record
