TN:
SF:src/account.js
FN:8,Account
FN:14,deposit
FNF:2
FNH:1
FNDA:2,Account
FNDA:0,deposit
DA:1,1
DA:2,1
DA:8,2
DA:9,2
DA:10,2
DA:11,2
DA:16,0
LF:7
LH:6
BRDA:8,0,0,0
BRDA:8,0,1,2
BRDA:8,1,0,4
BRDA:8,1,1,0
BRDA:8,2,0,0
BRDA:8,2,1,2
BRF:6
BRH:3
end_of_record
TN:
SF:src/credit.js
FN:4,TransactionCredit
FNF:1
FNH:1
FNDA:3,TransactionCredit
DA:1,1
DA:4,3
DA:5,3
DA:6,3
DA:7,3
LF:5
LH:5
BRF:0
BRH:0
end_of_record
TN:
SF:src/withdraw.js
FN:4,Withdraw
FNF:1
FNH:1
FNDA:2,Withdraw
DA:1,1
DA:4,2
DA:5,2
DA:6,2
LF:4
LH:4
BRF:0
BRH:0
end_of_record
